<?xml version="1.0" encoding="UTF-8"?>
<testng-results ignored="0" total="1" passed="1" failed="0" skipped="0">
  <reporter-output>
  </reporter-output>
  <suite started-at="2023-07-14T09:20:24 IST" name="Default suite" finished-at="2023-07-14T09:26:38 IST" duration-ms="374289">
    <groups>
    </groups>
    <test started-at="2023-07-14T09:20:24 IST" name="Default test" finished-at="2023-07-14T09:26:38 IST" duration-ms="374289">
      <class name="vtiger_crm.LoginToVtiger_Test">
        <test-method is-config="true" signature="LaunchingBrowser()[pri:0, instance:vtiger_crm.LoginToVtiger_Test@6302bbb1]" started-at="2023-07-14T09:20:25 IST" name="LaunchingBrowser" finished-at="2023-07-14T09:24:34 IST" duration-ms="248430" status="PASS">
          <reporter-output>
          </reporter-output>
        </test-method> <!-- LaunchingBrowser -->
        <test-method is-config="true" signature="navigateToApp()[pri:0, instance:vtiger_crm.LoginToVtiger_Test@6302bbb1]" started-at="2023-07-14T09:24:34 IST" name="navigateToApp" finished-at="2023-07-14T09:24:34 IST" duration-ms="3" status="PASS">
          <reporter-output>
          </reporter-output>
        </test-method> <!-- navigateToApp -->
        <test-method signature="validateLoginPage()[pri:0, instance:vtiger_crm.LoginToVtiger_Test@6302bbb1]" started-at="2023-07-14T09:24:34 IST" name="validateLoginPage" finished-at="2023-07-14T09:24:34 IST" duration-ms="534" status="PASS">
          <reporter-output>
          </reporter-output>
        </test-method> <!-- validateLoginPage -->
        <test-method is-config="true" signature="checkTheTestResult(org.testng.ITestResult)[pri:0, instance:vtiger_crm.LoginToVtiger_Test@6302bbb1]" started-at="2023-07-14T09:24:34 IST" name="checkTheTestResult" finished-at="2023-07-14T09:24:34 IST" duration-ms="73" status="PASS">
          <params>
            <param index="0">
              <value>
                <![CDATA[[TestResult name=validateLoginPage status=SUCCESS method=LoginToVtiger_Test.validateLoginPage()[pri:0, instance:vtiger_crm.LoginToVtiger_Test@6302bbb1] output={null}]]]>
              </value>
            </param>
          </params>
          <reporter-output>
          </reporter-output>
        </test-method> <!-- checkTheTestResult -->
        <test-method is-config="true" signature="teardownThheBrowser()[pri:0, instance:vtiger_crm.LoginToVtiger_Test@6302bbb1]" started-at="2023-07-14T09:24:35 IST" name="teardownThheBrowser" finished-at="2023-07-14T09:26:38 IST" duration-ms="123167" status="PASS">
          <reporter-output>
          </reporter-output>
        </test-method> <!-- teardownThheBrowser -->
      </class> <!-- vtiger_crm.LoginToVtiger_Test -->
    </test> <!-- Default test -->
  </suite> <!-- Default suite -->
</testng-results>
